 *** DISPLACEMENT ***
 NODE     U       V       T
           1   3.2473372394954750E-003   5.6982743234029028E-020   10.000000000425842     
           2   3.3214527863389231E-003   1.1970650259318889E-019   18.150174283539542     
           3   3.2373267825947230E-003   2.5478314259900841E-004   10.000000000851685     
           4   3.4882130479197086E-003   1.3679081217226207E-019   25.834624322737117     
           5   3.3112138558348955E-003   2.6059818277355087E-004   18.150174283578661     
           6   3.2073571296829272E-003   5.0799546247425227E-004   10.000000000851683     
           7   3.7374945635602133E-003   1.5417422474333292E-019   33.103698684050862     
           8   3.4774600511793281E-003   2.7368204214234433E-004   25.834624322794141     
           9   3.2805601907144135E-003   5.1958969121151098E-004   18.150174283633771     
          10   3.1576130536415618E-003   7.5807582139417976E-004   10.000000000851683     
          11   4.0609673682617479E-003   7.6947762913600687E-020   40.000000000814083     
          12   3.7259731150958808E-003   2.9324044450401363E-004   33.103698684187421     
          13   3.4452673567457121E-003   5.4567674356807835E-004   25.834624322890203     
          14   3.2296807810084302E-003   7.7537775645001119E-004   18.150174283604230     
          15   3.0884012432351340E-003   1.0034823908277877E-003   10.000000000851683     
          16   4.0484487610942185E-003   3.1861982829239292E-004   40.000000001628173     
          17   3.6914798032438886E-003   5.8467296428169708E-004   33.103698684284353     
          18   3.3918334432739184E-003   8.1430716644810379E-004   25.834624322921808     
          19   3.1588893151727028E-003   1.0263853600504442E-003   18.150174283569942     
          20   3.0001484123078135E-003   1.2427021576369179E-003   10.000000000851685     
          21   4.0109701209391831E-003   6.3527525952229225E-004   40.000000001628159     
          22   3.6342272907061513E-003   8.7250078094185785E-004   33.103698684339392     
          23   3.3174877485996459E-003   1.0779171148903633E-003   25.834624322841847     
          24   3.0686222461169068E-003   1.2710649566554572E-003   18.150174283584306     
          25   2.8933986688619521E-003   1.4742602525272539E-003   10.000000000851683     
          26   3.9487625160531826E-003   9.4801400759973579E-004   40.000000001628166     
          27   3.5545685583164900E-003   1.1549493400010674E-003   33.103698684474374     
          28   3.2226886385754551E-003   1.3348813460660849E-003   25.834624322911854     
          29   2.9594361004415507E-003   1.5079080149302750E-003   18.150174283690273     
          30   2.7688101604578415E-003   1.6967290429788751E-003   10.000000000851683     
          31   3.8622094769727765E-003   1.2549079341803637E-003   40.000000001628159     
          32   3.4529947286371047E-003   1.4302772522756402E-003   33.103698684371096     
          33   3.1080205815066046E-003   1.5836155893834344E-003   25.834624323032493     
          34   2.8320040470382873E-003   1.7354543187346459E-003   18.150174283876161     
          35   2.6271510166596475E-003   1.9087369348279436E-003   10.000000000851685     
          36   3.7518446319756175E-003   1.5540649360661291E-003   40.000000001628166     
          37   3.3301320380525099E-003   1.6967870297346331E-003   33.103698684198562     
          38   2.9741905439459849E-003   1.8225863159579262E-003   25.834624322941675     
          39   2.6871117468881072E-003   1.9523009694776387E-003   18.150174283697872     
          40   2.4692946136178058E-003   2.1089768283967941E-003   10.000000000851685     
          41   3.6183484172066780E-003   1.8436406104684517E-003   40.000000001628166     
          42   3.1867379760193468E-003   1.9528355507323317E-003   33.103698684293278     
          43   2.8220236324268174E-003   2.0503201919984003E-003   25.834624322950560     
          44   2.5256525088122512E-003   2.1571110359333641E-003   18.150174283635053     
          45   2.2962141882260090E-003   2.2962141787127421E-003   10.000000000851685     
          46   3.4625438813096375E-003   2.1218496270461948E-003   40.000000001628166     
          47   3.0236966145199985E-003   2.1968441911768941E-003   33.103698684432736     
          48   2.6524580065800610E-003   2.2654131623214497E-003   25.834624323187214     
          49   2.3486217833800158E-003   2.3486217950706950E-003   18.150174284557554     
          50   2.1089768377633459E-003   2.4692946060845553E-003   10.000000000851685     
          51   3.2853916106140501E-003   2.3869767354791241E-003   40.000000001628166     
          52   2.8420131576835090E-003   2.4273085567376915E-003   33.103698684487888     
          53   2.4665390953176659E-003   2.4665391067413799E-003   25.834624323539813     
          54   2.1571110247717118E-003   2.5256525187537706E-003   18.150174285347369     
          55   1.9087369435139064E-003   2.6271510111143016E-003   10.000000000851685     
          56   3.0879838078507658E-003   2.6373873387236057E-003   40.000000001628166     
          57   2.6428077447568886E-003   2.6428077575786019E-003   33.103698684633947     
          58   2.2654131513704205E-003   2.6524580163556706E-003   25.834624323800099     
          59   1.9523009593794612E-003   2.6871117549550289E-003   18.150174285456679     
          60   1.6967290513179795E-003   2.7688101563579028E-003   10.000000000851685     
          61   2.8715375582163906E-003   2.8715375715923004E-003   40.000000001628166     
          62   2.4273085445180574E-003   2.8420131685447806E-003   33.103698684912032     
          63   2.0503201819958884E-003   2.8220236404473747E-003   25.834624323854825     
          64   1.7354543092512934E-003   2.8320040538390547E-003   18.150174285372206     
          65   1.4742602602699326E-003   2.8933986661494331E-003   10.000000000851685     
          66   2.6373873259251035E-003   3.0879838191996347E-003   40.000000001628166     
          67   2.1968441802647028E-003   3.0236966232096273E-003   33.103698684943922     
          68   1.8225863064455512E-003   2.9741905507896910E-003   25.834624324009972     
          69   1.5079080062017128E-003   2.9594361060931696E-003   18.150174285408923     
          70   1.2427021644229861E-003   3.0001484109081554E-003   10.000000000851685     
          71   2.3869767239346426E-003   3.2853916197581575E-003   40.000000001628166     
          72   1.9528355402982454E-003   3.1867379834378705E-003   33.103698684729480     
          73   1.5836155807827665E-003   3.1080205871166630E-003   25.834624324082906     
          74   1.2710649492008795E-003   3.0686222505822507E-003   18.150174285520148     
          75   1.0034823962922748E-003   3.0884012430015006E-003   10.000000000851685     
          76   2.1218496161154749E-003   3.4625438890328610E-003   40.000000001628166     
          77   1.6967870200753994E-003   3.3301320442121005E-003   33.103698684793173     
          78   1.3348813384516172E-003   3.2226886431307267E-003   25.834624324096865     
          79   1.0263853540742273E-003   3.1588893186251057E-003   18.150174285500142     
          80   7.5807582552133107E-004   3.1576130542887875E-003   10.000000000851685     
          81   1.8436406003934243E-003   3.6183484235732923E-003   40.000000001628166     
          82   1.4302772439439093E-003   3.4529947334985948E-003   33.103698684977957     
          83   1.0779171090219497E-003   3.3174877520409218E-003   25.834624324100606     
          84   7.7537775195091196E-004   3.2296807836961023E-003   18.150174285540380     
          85   5.0799546519210068E-004   3.2073571309548200E-003   10.000000000851685     
          86   1.5540649272023214E-003   3.7518446370538678E-003   40.000000001628166     
          87   1.1549493332354990E-003   3.5545685620586871E-003   33.103698685059747     
          88   8.1430716193751191E-004   3.3918334459875732E-003   25.834624324017863     
          89   5.1958968829502903E-004   3.2805601928508799E-003   18.150174285457268     
          90   2.5478314397382062E-004   3.2373267842256562E-003   10.000000000851685     
          91   1.2549079270626231E-003   3.8622094808280780E-003   40.000000001628166     
          92   8.7250077591220668E-004   3.6342272935549749E-003   33.103698685036704     
          93   5.4567674054512342E-004   3.4452673589211603E-003   25.834624324019359     
          94   2.6059818130489429E-004   3.3112138576642000E-003   18.150174285311522     
          95   5.6982743367098076E-020   3.2473372412482409E-003   10.000000000425842     
          96   9.4801400229163092E-004   3.9487625189635472E-003   40.000000001628166     
          97   5.8467296104621760E-004   3.6914798054624399E-003   33.103698684893352     
          98   2.7368204062266997E-004   3.4774600530339071E-003   25.834624323928487     
          99   1.1970650252599182E-019   3.3214527880655689E-003   18.150174285272794     
         100   6.3527525594197142E-004   4.0109701232096760E-003   40.000000001628166     
         101   2.9324044289138188E-004   3.7259731169663780E-003   33.103698684723710     
         102   1.3679081216820755E-019   3.4882130496671454E-003   25.834624323855319     
         103   3.1861982653550640E-004   4.0484487629748808E-003   40.000000001628166     
         104   1.5417422474516515E-019   3.7374945653159304E-003   33.103698684593525     
         105   7.6947762962052510E-020   4.0609673700151500E-003   40.000000000814076     
 *** NODAL STRESS ***
 NODE       Sx      Sy      Sxy
           1   1.5688991484984087        58.177793270843580       -2.2858117215606288     
           2   2.2108946208738414        25.699978370312696       -1.0097549054998083     
           3   1.9173738578253481        57.829318560227854       -4.4277910211045182     
           4   2.7330024242105564       -2.3899296581312663        9.3900592025100871E-002
           5   2.3554894214591320        25.555383570440558       -1.8372511303121271     
           6   2.9542173848019142        56.792475035033803       -8.7465551330455593     
           7   1.7897549379401974       -27.541595945184465        1.0821122543295765     
           8   2.7014665266096243       -2.3583937603085241       0.40070157075422119     
           9   2.7857134183682168        25.125159573265442       -3.6292630406703736     
          10   4.6538991987409384        55.092793222131874       -12.849950030752495     
          11  0.98630420375817218       -49.731137469178954        1.9539417174712028     
          12   1.6091961365193930       -27.361037142556984        2.2942170976923091     
          13   2.6076353525902078       -2.2645625857994687       0.79153653884861885     
          14   3.4909730696838648        24.419899922091684       -5.3319104499543757     
          15   6.9745674935492907        52.772124929446747       -16.636936513573666     
          16  0.67409626636841868       -49.418929535599048        3.9669779377920902     
          17   1.0719656873694208       -26.823806694312498        4.5319429569646914     
          18   2.4538193358961138       -2.1107465692423344        1.1628812509649196     
          19   4.4539025427523571        23.456970449372484       -6.9032685282529727     
          20   9.8590797110024688        49.887612711319463       -20.014266406894158     
          21 -0.25483994326876402       -48.489993323596643        7.8362757139562067     
          22  0.19129198792376745       -25.943132994703209        6.6580773401254012     
          23   2.2438059380140194       -1.9007331721784291        1.5055919668519624     
          24   5.6507913157329392        22.260081675925765       -8.3046452225206586     
          25   13.236409589113560        46.510282828462664       -22.898778643067857     
          26  -1.7776309389745177       -46.967202329215354        11.512618374595334     
          27  -1.0111398528219171       -24.740701153401400        8.6202677607327090     
          28   1.9827663870647463       -1.6396936202882302        1.8112300112878901     
          29   7.0521680164463589        20.858704974318968       -9.5015339896578741     
          30   17.023396061233683        42.723296349427997       -25.219446957127374     
          31  -3.8567805520680460       -44.888052719792675        14.905482161673611     
          32  -2.5057219709668082       -23.246119035600028        10.370198578246926     
          33   1.6771283413494538       -1.3340555736360804        2.0722695618309057     
          34   8.6235260985261526        19.287346892582729       -10.464463454553112     
          35   21.126790964349524        38.619901456603756       -26.919128788330994     
          36  -6.4410932115815207       -42.303740057301553        17.931323508151046     
          37  -4.2556527964210042       -21.496188210286562        11.864780690332690     
          38   1.3344176245466717      -0.99134485841796960        2.2822829573433268     
          39   10.326173512388538        17.584699479489196       -11.169723095649029     
          40   25.445555076312630        34.301137356514197       -27.955972330827059     
          41  -9.4669345631325967       -39.277898699736419        20.515636155189746     
          42  -6.2178432222074722       -19.533997784066695        13.067212521317124     
          43  0.96307291145463592      -0.62000014525839831        2.4360989729449187     
          44   12.118185426826477        15.792687565293704       -11.599947081281746     
          45   29.873346080153340        29.873346318937294       -28.304447071822352     
          46  -12.859798357329344       -35.885034907923099        22.594785747019266     
          47  -8.3439776090686379       -17.407863396900996        13.947886211049786     
          48  0.57223794317665322      -0.22916517664896879        2.5299301465905915     
          49   13.955436552264004        13.955436436249954       -11.744541876283465     
          50   34.301137117506400        25.445555255506861       -27.955972387242731     
          51  -16.536141026690636       -32.208692242036967        24.117576724015372     
          52  -10.581703471792908       -15.170137533937982        14.485116650367274     
          53  0.17153637007276437       0.17153639361674514        2.5614660425448958     
          54   15.792687674304997        12.118185311144613       -11.599947070759395     
          55   38.619901265142879        21.126791116072074       -26.919128867342394     
          56  -20.405438807945824       -28.339394458165618        25.046512917990555     
          57  -12.875920568805835       -12.875920437028199        14.665675441526599     
          58 -0.22916520111953209       0.57223796099983570        2.5299301432431625     
          59   17.584699572880524        10.326173414411040       -11.169723067021208     
          60   42.723296194608061        17.023396191847752       -25.219447050644654     
          61  -24.372416741328394       -24.372416521611662        25.358720834424080     
          62  -15.170137653990434       -10.581703350616159        14.485116630464471     
          63 -0.62000016604669950       0.96307292457160809        2.4360989696149593     
          64   19.287346967475649        8.6235260198844212       -10.464463415248671     
          65   46.510282702843938        13.236409680841822       -22.898778747850187     
          66  -28.339394659468432       -20.405438603821302        25.046512882710029     
          67  -17.407863495770616       -8.3439775082155201        13.947886178006945     
          68 -0.99134487688998141        1.3344176376748640        2.2822829527992585     
          69   20.858705035363148        7.0521679509958446       -9.5015339457153338     
          70   49.887612618695471        9.8590797610091983       -20.014266512014295     
          71  -32.208692408488282       -16.536140852852846        24.117576664671127     
          72  -19.533997866718341       -6.2178431378507497        13.067212478781610     
          73  -1.3340555901465785        1.6771283513155975        2.0722695559820092     
          74   22.260081719307404        5.6507912667029156       -8.3046451802796941     
          75   52.772124870850732        6.9745675105975824       -16.636936606836983     
          76  -35.885035043353014       -12.859798211350178        22.594785671758441     
          77  -21.496188276951525       -4.2556527279884531        11.864780640171883     
          78  -1.6396936340778905        1.9827663939598614        1.8112300049110102     
          79   23.456970478438933        4.4539025076294116       -6.9032684881022313     
          80   55.092793190396847        4.6538991902901508       -12.849950105867361     
          81  -39.277898808371567       -9.4669344481314166        20.515636068787209     
          82  -23.246119083547018       -2.5057219215077757        10.370198528471391     
          83  -1.9007331833909329        2.2438059425145482        1.5055919609294048     
          84   24.419899938214467        3.4909730485730179       -5.3319104181976780     
          85   56.792475023163121        2.9542173589291743       -8.7465551844411014     
          86  -42.303740135293758       -6.4410931257558310        17.931323420207725     
          87  -24.740701185328273       -1.0111398188903089        8.6202677150107689     
          88  -2.1107465790092927        2.4538193375706983        1.1628812465569347     
          89   25.125159579964027        2.7857134066292453       -3.6292630185449899     
          90   57.829318559935643        1.9173738227854691       -4.4277910476269557     
          91  -44.888052767112001       -3.8567804942055406        14.905482082542484     
          92  -25.943133010955773       0.19129200695972429        6.6580773039067411     
          93  -2.2645625933867590        2.6076353531998455       0.79153653558498149     
          94   25.555383571476273        2.3554894153082477       -1.8372511189695746     
          95   58.177793274013517        1.5688991091323983       -2.2858117224145222     
          96  -46.967202352951851       -1.7776309081027337        11.512618310393464     
          97  -26.823806700798372        1.0719656962179449        4.5319429321760758     
          98  -2.3583937665120560        2.7014665268266254       0.40070156908607069     
          99   25.699978369735469        2.2108946162157617       -1.0097548939842129     
         100  -48.489993329550714      -0.25483992874775235        7.8362756690295665     
         101  -27.361037143179473        1.6091961391789016        2.2942170851633517     
         102  -2.3899296638842937        2.7330024241777071        9.3900591745749523E-002
         103  -49.418929530926555       0.67409627138743133        3.9669779151126949     
         104  -27.541595943700070        1.7897549381561904        1.0821122483421264     
         105  -49.731137461482618       0.98630420454075185        1.9539417062827995     
